-------------------------------------------------------------------------------
Test set: com.example.pictgram.PictgramApplicationTests
-------------------------------------------------------------------------------
Tests run: 1, Failures: 0, Errors: 1, Skipped: 0, Time elapsed: 1.475 s <<< FAILURE! - in com.example.pictgram.PictgramApplicationTests
contextLoads  Time elapsed: 0.001 s  <<< ERROR!
java.lang.IllegalStateException: Failed to load ApplicationContext
Caused by: org.springframework.beans.factory.BeanDefinitionStoreException: Failed to process import candidates for configuration class [com.example.pictgram.AppConfig]; nested exception is java.lang.IllegalStateException: Error processing condition on org.springframework.boot.autoconfigure.mail.MailSenderAutoConfiguration
Caused by: java.lang.IllegalStateException: Error processing condition on org.springframework.boot.autoconfigure.mail.MailSenderAutoConfiguration
Caused by: java.lang.IllegalArgumentException: Circular placeholder reference 'spring.mail.host' in property definitions

